<?xml version="1.0" encoding="UTF-8"?>
<!-- Generated by org.testng.reporters.JUnitReportReporter -->
<testsuite hostname="DESKTOP-H8QP287" failures="0" tests="2" name="TestCases.TC004_CartAproduct" time="16.440" errors="0" timestamp="2024-03-03T03:16:01 IST" skipped="0">
  <testcase classname="TestCases.TC004_CartAproduct" name="login" time="4.731"/>
  <testcase classname="TestCases.TC004_CartAproduct" name="Scarch" time="11.709"/>
</testsuite> <!-- TestCases.TC004_CartAproduct -->
