<?xml version="1.0" encoding="UTF-8"?>
<!-- Generated by org.testng.reporters.JUnitReportReporter -->
<testsuite hostname="DESKTOP-H8QP287" failures="0" tests="3" name="TestCases.TC005_purchase" time="23.259" errors="0" timestamp="2024-03-03T21:54:33 IST" skipped="0">
  <testcase classname="TestCases.TC005_purchase" name="login" time="4.993"/>
  <testcase classname="TestCases.TC005_purchase" name="Cart" time="10.333"/>
  <testcase classname="TestCases.TC005_purchase" name="purchase" time="7.933"/>
</testsuite> <!-- TestCases.TC005_purchase -->
