<?xml version="1.0" encoding="UTF-8"?>
<!-- Generated by org.testng.reporters.JUnitReportReporter -->
<testsuite hostname="DESKTOP-H8QP287" failures="0" tests="2" name="TestCases.TC001_registration" time="5.116" errors="0" timestamp="2024-03-03T21:44:45 IST" skipped="0">
  <testcase classname="TestCases.TC001_registration" name="homepage" time="1.008"/>
  <testcase classname="TestCases.TC001_registration" name="Registration" time="4.108"/>
</testsuite> <!-- TestCases.TC001_registration -->
