<?xml version="1.0" encoding="UTF-8"?>
<!-- Generated by org.testng.reporters.JUnitReportReporter -->
<testsuite hostname="DESKTOP-H8QP287" failures="0" tests="2" name="TestCases.TC001_registration" time="10.215" errors="0" timestamp="2024-03-04T02:13:22 IST" skipped="0">
  <testcase classname="TestCases.TC001_registration" name="homepage" time="6.707"/>
  <testcase classname="TestCases.TC001_registration" name="Registration" time="3.508"/>
</testsuite> <!-- TestCases.TC001_registration -->
