<?xml version="1.0" encoding="UTF-8"?>
<!-- Generated by org.testng.reporters.JUnitReportReporter -->
<testsuite hostname="DESKTOP-H8QP287" failures="0" tests="3" name="TestCases.TC005_purchase" time="21.785" errors="0" timestamp="2024-03-04T02:13:22 IST" skipped="0">
  <testcase classname="TestCases.TC005_purchase" name="login" time="4.206"/>
  <testcase classname="TestCases.TC005_purchase" name="Cart" time="9.194"/>
  <testcase classname="TestCases.TC005_purchase" name="purchase" time="8.385"/>
</testsuite> <!-- TestCases.TC005_purchase -->
