<?xml version="1.0" encoding="UTF-8"?>
<!-- Generated by org.testng.reporters.JUnitReportReporter -->
<testsuite hostname="DESKTOP-H8QP287" failures="0" tests="1" name="TestCases.TC002_Login" time="7.955" errors="0" timestamp="2024-03-04T20:34:30 IST" skipped="0">
  <testcase classname="TestCases.TC002_Login" name="logintest" time="7.955"/>
</testsuite> <!-- TestCases.TC002_Login -->
