<?xml version="1.0" encoding="UTF-8"?>
<!-- Generated by org.testng.reporters.JUnitReportReporter -->
<testsuite hostname="DESKTOP-H8QP287" failures="0" tests="3" name="TestCases.TC005_purchase" time="22.041" errors="0" timestamp="2024-03-04T02:15:33 IST" skipped="0">
  <testcase classname="TestCases.TC005_purchase" name="login" time="4.160"/>
  <testcase classname="TestCases.TC005_purchase" name="Cart" time="9.487"/>
  <testcase classname="TestCases.TC005_purchase" name="purchase" time="8.394"/>
</testsuite> <!-- TestCases.TC005_purchase -->
