<?xml version="1.0" encoding="UTF-8"?>
<!-- Generated by org.testng.reporters.JUnitReportReporter -->
<testsuite hostname="DESKTOP-H8QP287" failures="0" tests="3" name="TestCases.TC005_purchase" time="23.976" errors="0" timestamp="2024-03-04T20:34:30 IST" skipped="0">
  <testcase classname="TestCases.TC005_purchase" name="login" time="4.352"/>
  <testcase classname="TestCases.TC005_purchase" name="Cart" time="9.851"/>
  <testcase classname="TestCases.TC005_purchase" name="purchase" time="9.773"/>
</testsuite> <!-- TestCases.TC005_purchase -->
